C51 COMPILER V9.01   CODE                                                                  10/28/2016 15:29:02 PAGE 1   


C51 COMPILER V9.01, COMPILATION OF MODULE CODE
OBJECT MODULE PLACED IN code.OBJ
COMPILER INVOKED BY: D:\Keil C\C51\BIN\C51.EXE code.c BROWSE DEBUG OBJECTEXTEND

line level    source

   1                  #include <at89x52.h>
   2          
   3                  unsigned char code number[10]={0xC0,0xF9,0xA4,0xB0,0x99,0x92,0x82,0xF8,0x80,0x90};              // Mang luu ma so tu 
             -0 den 9        
   4          
   5                  //******************** Dinh nghia chan *****************//
   6                  sbit chuc = P0^7;
   7                  sbit dvi  = P0^6;
   8                  sbit ctr  = P0^4;
   9                  sbit in1  = P3^1;
  10                  sbit in2  = P3^2;
  11                  ////////////////////////////////////////////////////////////
  12          
  13                  char ram = 0, value = 0;                                // Bien toan cuc luu so 
  14          
  15                  void delay_ms(int t){                                   // Ham Delay tre t mS khong tra ve du lieu
  16   1                      int y,x;{
  17   2                              for(x=1;x<t;++x)
  18   2                                      for(y=1;y<123;++y);
  19   2                      }
  20   1              }
  21                  
  22          
  23                  void TimerInit(){                          // Ham khoi tao Timer0 khong tra ve du lieu
  24   1      
  25   1                      TMOD &= 0xF0;           //              Xoa di cac bit chon MODE cua Timer0
  26   1                      TMOD |= 0x01;           //              Timer0 ho9at dong o che do MODE 1
  27   1      
  28   1                      ET0 = 1;        //              Cho phep ngat Timer0    
  29   1                      EA = 1;         //              Cho phep ngat toan cuc
  30   1      
  31   1                      TH0 = (65536-1000)>>8;     //           Nap  8 bit cao cho thanh ghi TH0         // TImer0 cu moi 10mS ngat xay ra 1 lan
             - de quet hien thi LED 7 thanh
  32   1                      TL0 = (65536-1000)&0x00FF; //           Nap  8 bit thap cho thanh ghi TL0
  33   1      
  34   1                      TR0 = 1;        //              Cho phep Timer0 bat dau dem
  35   1              
  36   1              }
  37          
  38                  void display() interrupt 1         // ham ngat Timer0 hien thi so tren LED 7 doan 
  39                  {
  40   1                 unsigned char j;                       // Khai bao bien cuc bo su dung trong ham
  41   1      //         chuc = dvi = 1;                        // Keo 2 chan dieu khien chan Anot LED len cao qua A1015 thanh xuong thap
  42   1      
  43   1                 for (j = 0; j < 5; j++){  // Lap lai 25 lan moi lan ngat de tao thoi gian mat du nhin duoc so ( 25 x 2
             -mS = 50mS )
  44   2                    P2 = number[value%10];  // Gan gia tri Port xuat du lieu ra so hang don vi
  45   2                    dvi = 0;                            // Cho phep chan Anot Led hang don vi sang
  46   2                    delay_ms(5);                        // Tre 1 mS
  47   2                    dvi = 1;                            // Tat led hang don vi di 
  48   2                    
  49   2                    P2 = number[value/10];  // Gan gia tri Port xuat du lieu ra so hang chuc
  50   2                    chuc = 0;                           // Cho phep chan Anot Led hang chuc sang
  51   2                    delay_ms(5);                        // Tre 1mS
  52   2                    chuc = 1;                           // Tat led hang chuc di
C51 COMPILER V9.01   CODE                                                                  10/28/2016 15:29:02 PAGE 2   

  53   2                 }
  54   1      
  55   1                      TH0 = (65536-1000)>>8;     //           Nap  8 bit cao cho thanh ghi TH0 de tiep tuc dem va ngat o cac lan tiep t
             -heo
  56   1                      TL0 = (65536-1000)&0x00FF; //           Nap  8 bit thap cho thanh ghi TL0 de tiep tuc dem va ngat o cac lan tiep 
             -theo
  57   1              }       
  58          
  59                  int count(){                                      // ham quet 2 trang thai chan de phat hien nguoi di ra hay di vao
  60   1                      
  61   1                      if(in2==1){
  62   2                              delay_ms(1);
  63   2                              while(in2==1);
  64   2                              if(in1==1){
  65   3                                      delay_ms(1);
  66   3                                      while(in1==1);
  67   3                                      ram+=1;
  68   3                                      if(ram<0){                
  69   4                                              ram=0;
  70   4                                      }
  71   3                                      if (ram==100){     // So nguuoi vuot qua 99 nguoi thi khong tang len nua
  72   4                                              ram=99;
  73   4                                      }
  74   3                              }
  75   2                      }
  76   1              
  77   1                      if(in1==1){
  78   2                              delay_ms(1);
  79   2                              while(in1==1);
  80   2                              if(in2==1){
  81   3                                      delay_ms(1);
  82   3                                      while(in2==1);
  83   3                                      ram-=1;
  84   3                                      if(ram<0)       
  85   3                                              ram=0;
  86   3                                      if (ram==100)
  87   3                                              ram=99;
  88   3                              }                                                                                                                                                          
  89   2                      }
  90   1                      return ram;
  91   1              }
  92          
  93                  void main(){
  94   1      
  95   1                      /////////////////////////////   Khoi tao trang thai ban dau cac chan can thiet
  96   1                      P0 = 0x00;
  97   1                      P2 = 0xff;
  98   1                      ctr = 0;
  99   1                      in2=0;
 100   1                      in1=0;
 101   1      
 102   1                      ////////////////////////////    Goi ham cau hinh Timer0
 103   1                      TimerInit();
 104   1      
 105   1                      while(1){
 106   2                      ////////////////// Vong lap vo tan kiem tra trang thai cam bien de lay du lieu so nguoi trong phong hien
             - tai
 107   2                      value = count();          /// Bien nhan so nguoi trong phong hien tau
 108   2                              if (value==0)    // cau lenh IF ELSE kiem tra khong co nguoi thi tat den
 109   2                                      ctr = 0;
 110   2                              else ctr = 1;
 111   2                      }       
C51 COMPILER V9.01   CODE                                                                  10/28/2016 15:29:02 PAGE 3   

 112   1               }


MODULE INFORMATION:   STATIC OVERLAYABLE
   CODE SIZE        =    329    ----
   CONSTANT SIZE    =     10    ----
   XDATA SIZE       =   ----    ----
   PDATA SIZE       =   ----    ----
   DATA SIZE        =      2    ----
   IDATA SIZE       =   ----    ----
   BIT SIZE         =   ----    ----
END OF MODULE INFORMATION.


C51 COMPILATION COMPLETE.  0 WARNING(S),  0 ERROR(S)
